Case #1: 19 20
Case #2: 023 023
Case #3: 0 0
Case #4: 05 00
Case #5: 90 99
Case #6: 99 99
Case #7: 90 90
Case #8: 05 10
Case #9: 039 080
Case #10: 09 09
Case #11: 99 99
Case #12: 801 298
Case #13: 841 841
Case #14: 95 95
Case #15: 692 730
Case #16: 330 299
Case #17: 308 310
Case #18: 676 690
Case #19: 721 679
Case #20: 0 0
Case #21: 988 992
Case #22: 99 99
Case #23: 081 081
Case #24: 988 993
Case #25: 645 690
Case #26: 010 010
Case #27: 308 310
Case #28: 909 990
Case #29: 0 0
Case #30: 09 10
Case #31: 90 90
Case #32: 000 000
Case #33: 293 410
Case #34: 640 638
Case #35: 730 727
Case #36: 640 640
Case #37: 09 05
Case #38: 5 5
Case #39: 483 483
Case #40: 176 176
Case #41: 9 9
Case #42: 419 419
Case #43: 019 060
Case #44: 100 069
Case #45: 10 05
Case #46: 00 00
Case #47: 263 700
Case #48: 910 909
Case #49: 90 90
Case #50: 029 070
Case #51: 183 190
Case #52: 019 900
Case #53: 236 236
Case #54: 009 050
Case #55: 070 029
Case #56: 99 90
Case #57: 046 060
Case #58: 102 098
Case #59: 99 99
Case #60: 170 170
Case #61: 9 9
Case #62: 99 09
Case #63: 090 090
Case #64: 390 368
Case #65: 983 983
Case #66: 120 120
Case #67: 080 039
Case #68: 049 080
Case #69: 040 009
Case #70: 094 707
Case #71: 95 99
Case #72: 120 089
Case #73: 99 99
Case #74: 00 00
Case #75: 990 969
Case #76: 040 040
Case #77: 300 300
Case #78: 00 00
Case #79: 029 060
Case #80: 032 032
Case #81: 602 600
Case #82: 05 09
Case #83: 000 000
Case #84: 099 201
Case #85: 705 705
Case #86: 059 090
Case #87: 05 05
Case #88: 364 367
Case #89: 10 09
Case #90: 910 889
Case #91: 95 95
Case #92: 900 900
Case #93: 290 290
Case #94: 496 784
Case #95: 99 95
Case #96: 007 007
Case #97: 040 040
Case #98: 09 09
Case #99: 09 90
Case #100: 010 009
Case #101: 909 910
Case #102: 009 040
Case #103: 456 456
Case #104: 860 860
Case #105: 020 020
Case #106: 098 093
Case #107: 100 091
Case #108: 90 09
Case #109: 09 99
Case #110: 199 209
Case #111: 397 401
Case #112: 241 241
Case #113: 088 083
Case #114: 544 544
Case #115: 077 077
Case #116: 130 099
Case #117: 085 085
Case #118: 080 049
Case #119: 992 988
Case #120: 199 199
Case #121: 05 05
Case #122: 497 500
Case #123: 99 99
Case #124: 099 100
Case #125: 159 161
Case #126: 900 900
Case #127: 039 070
Case #128: 079 110
Case #129: 703 339
Case #130: 00 00
Case #131: 806 806
Case #132: 300 300
Case #133: 854 818
Case #134: 689 709
Case #135: 050 009
Case #136: 439 518
Case #137: 100 099
Case #138: 09 09
Case #139: 533 533
Case #140: 407 407
Case #141: 877 877
Case #142: 807 810
Case #143: 90 90
Case #144: 636 636
Case #145: 355 355
Case #146: 00 00
Case #147: 399 402
Case #148: 05 05
Case #149: 099 130
Case #150: 00 00
Case #151: 016 016
Case #152: 055 058
Case #153: 202 202
Case #154: 098 098
Case #155: 049 090
Case #156: 093 098
Case #157: 234 234
Case #158: 88 93
Case #159: 092 093
Case #160: 090 059
Case #161: 069 100
Case #162: 05 05
Case #163: 599 601
Case #164: 93 88
Case #165: 529 529
Case #166: 054 054
Case #167: 434 430
Case #168: 110 065
Case #169: 09 09
Case #170: 993 988
Case #171: 090 049
Case #172: 806 808
Case #173: 00 05
Case #174: 5 5
Case #175: 990 909
Case #176: 99 99
Case #177: 050 019
Case #178: 306 304
Case #179: 00 00
Case #180: 060 019
Case #181: 807 807
Case #182: 720 399
Case #183: 99 99
Case #184: 933 932
Case #185: 000 000
Case #186: 099 909
Case #187: 704 704
Case #188: 900 749
Case #189: 060 029
Case #190: 089 120
Case #191: 904 097
Case #192: 018 018
Case #193: 397 760
Case #194: 800 699
Case #195: 084 084
Case #196: 070 039
Case #197: 606 606
Case #198: 110 079
Case #199: 760 739
Case #200: 019 050
